  MyForm.cpp
D:\Proect\KCKC\GraphServer\GraphServer\MyForm.h(186,23): warning C4018: <: несоответствие типов со знаком и без знака
D:\Proect\KCKC\GraphServer\GraphServer\MyForm.h(213,38): warning C4244: аргумент: преобразование "double" в "int", возможна потеря данных
D:\Proect\KCKC\GraphServer\GraphServer\MyForm.h(214,54): warning C4244: аргумент: преобразование "double" в "int", возможна потеря данных
D:\Proect\KCKC\GraphServer\GraphServer\MyForm.h(214,19): warning C4244: аргумент: преобразование "double" в "int", возможна потеря данных
D:\Proect\KCKC\GraphServer\GraphServer\MyForm.h(215,19): warning C4244: аргумент: преобразование "double" в "int", возможна потеря данных
D:\Proect\KCKC\GraphServer\GraphServer\MyForm.h(216,24): warning C4244: =: преобразование "double" в "int", возможна потеря данных
D:\Proect\KCKC\GraphServer\GraphServer\MyForm.h(231,54): warning C4244: аргумент: преобразование "double" в "int", возможна потеря данных
D:\Proect\KCKC\GraphServer\GraphServer\MyForm.h(231,19): warning C4244: аргумент: преобразование "double" в "int", возможна потеря данных
D:\Proect\KCKC\GraphServer\GraphServer\MyForm.h(232,41): warning C4244: аргумент: преобразование "double" в "int", возможна потеря данных
D:\Proect\KCKC\GraphServer\GraphServer\MyForm.h(232,19): warning C4244: аргумент: преобразование "double" в "int", возможна потеря данных
D:\Proect\KCKC\GraphServer\GraphServer\MyForm.h(233,41): warning C4244: аргумент: преобразование "double" в "int", возможна потеря данных
D:\Proect\KCKC\GraphServer\GraphServer\MyForm.h(233,19): warning C4244: аргумент: преобразование "double" в "int", возможна потеря данных
D:\Proect\KCKC\GraphServer\GraphServer\MyForm.h(234,29): warning C4244: =: преобразование "double" в "int", возможна потеря данных
D:\Proect\KCKC\GraphServer\GraphServer\MyForm.h(252,76): warning C4244: аргумент: преобразование "double" в "int", возможна потеря данных
D:\Proect\KCKC\GraphServer\GraphServer\MyForm.h(252,57): warning C4244: аргумент: преобразование "double" в "int", возможна потеря данных
D:\Proect\KCKC\GraphServer\GraphServer\MyForm.h(252,38): warning C4244: аргумент: преобразование "double" в "int", возможна потеря данных
D:\Proect\KCKC\GraphServer\GraphServer\MyForm.h(252,19): warning C4244: аргумент: преобразование "double" в "int", возможна потеря данных
D:\Proect\KCKC\GraphServer\GraphServer\MyForm.h(253,76): warning C4244: аргумент: преобразование "double" в "int", возможна потеря данных
D:\Proect\KCKC\GraphServer\GraphServer\MyForm.h(253,57): warning C4244: аргумент: преобразование "double" в "int", возможна потеря данных
D:\Proect\KCKC\GraphServer\GraphServer\MyForm.h(253,38): warning C4244: аргумент: преобразование "double" в "int", возможна потеря данных
D:\Proect\KCKC\GraphServer\GraphServer\MyForm.h(253,19): warning C4244: аргумент: преобразование "double" в "int", возможна потеря данных
D:\Proect\KCKC\GraphServer\GraphServer\MyForm.h(262,26): warning C4244: =: преобразование "double" в "int", возможна потеря данных
D:\Proect\KCKC\GraphServer\GraphServer\MyForm.h(267,19): warning C4244: аргумент: преобразование "double" в "int", возможна потеря данных
D:\Proect\KCKC\GraphServer\GraphServer\MyForm.h(269,54): warning C4244: аргумент: преобразование "double" в "int", возможна потеря данных
D:\Proect\KCKC\GraphServer\GraphServer\MyForm.h(269,19): warning C4244: аргумент: преобразование "double" в "int", возможна потеря данных
D:\Proect\KCKC\GraphServer\GraphServer\MyForm.h(270,54): warning C4244: аргумент: преобразование "double" в "int", возможна потеря данных
D:\Proect\KCKC\GraphServer\GraphServer\MyForm.h(270,19): warning C4244: аргумент: преобразование "double" в "int", возможна потеря данных
D:\Proect\KCKC\GraphServer\GraphServer\MyForm.h(271,19): warning C4244: аргумент: преобразование "double" в "int", возможна потеря данных
D:\Proect\KCKC\GraphServer\GraphServer\MyForm.h(272,28): warning C4244: =: преобразование "double" в "int", возможна потеря данных
D:\Proect\KCKC\GraphServer\GraphServer\MyForm.h(288,76): warning C4244: аргумент: преобразование "double" в "int", возможна потеря данных
D:\Proect\KCKC\GraphServer\GraphServer\MyForm.h(288,57): warning C4244: аргумент: преобразование "double" в "int", возможна потеря данных
D:\Proect\KCKC\GraphServer\GraphServer\MyForm.h(288,38): warning C4244: аргумент: преобразование "double" в "int", возможна потеря данных
D:\Proect\KCKC\GraphServer\GraphServer\MyForm.h(288,19): warning C4244: аргумент: преобразование "double" в "int", возможна потеря данных
D:\Proect\KCKC\GraphServer\GraphServer\MyForm.h(295,38): warning C4244: аргумент: преобразование "double" в "int", возможна потеря данных
D:\Proect\KCKC\GraphServer\GraphServer\MyForm.h(296,19): warning C4244: аргумент: преобразование "double" в "int", возможна потеря данных
D:\Proect\KCKC\GraphServer\GraphServer\MyForm.h(297,19): warning C4244: аргумент: преобразование "double" в "int", возможна потеря данных
D:\Proect\KCKC\GraphServer\GraphServer\MyForm.h(357,54): warning C4244: аргумент: преобразование "double" в "int", возможна потеря данных
D:\Proect\KCKC\GraphServer\GraphServer\MyForm.h(359,63): warning C4244: аргумент: преобразование "double" в "int", возможна потеря данных
D:\Proect\KCKC\GraphServer\GraphServer\MyForm.h(365,25): warning C4244: аргумент: преобразование "double" в "int", возможна потеря данных
D:\Proect\KCKC\GraphServer\GraphServer\MyForm.h(366,40): warning C4244: аргумент: преобразование "double" в "int", возможна потеря данных
D:\Proect\KCKC\GraphServer\GraphServer\MyForm.h(366,19): warning C4244: аргумент: преобразование "double" в "int", возможна потеря данных
D:\Proect\KCKC\GraphServer\GraphServer\MyForm.h(367,27): warning C4244: =: преобразование "double" в "int", возможна потеря данных
D:\Proect\KCKC\GraphServer\GraphServer\MyForm.h(372,25): warning C4244: аргумент: преобразование "double" в "int", возможна потеря данных
D:\Proect\KCKC\GraphServer\GraphServer\MyForm.h(373,53): warning C4244: аргумент: преобразование "double" в "int", возможна потеря данных
D:\Proect\KCKC\GraphServer\GraphServer\MyForm.h(373,19): warning C4244: аргумент: преобразование "double" в "int", возможна потеря данных
D:\Proect\KCKC\GraphServer\GraphServer\MyForm.h(374,53): warning C4244: аргумент: преобразование "double" в "int", возможна потеря данных
D:\Proect\KCKC\GraphServer\GraphServer\MyForm.h(374,19): warning C4244: аргумент: преобразование "double" в "int", возможна потеря данных
D:\Proect\KCKC\GraphServer\GraphServer\MyForm.h(375,28): warning C4244: =: преобразование "double" в "int", возможна потеря данных
D:\Proect\KCKC\GraphServer\GraphServer\MyForm.h(381,25): warning C4244: аргумент: преобразование "double" в "int", возможна потеря данных
D:\Proect\KCKC\GraphServer\GraphServer\MyForm.h(382,40): warning C4244: аргумент: преобразование "double" в "int", возможна потеря данных
D:\Proect\KCKC\GraphServer\GraphServer\MyForm.h(382,19): warning C4244: аргумент: преобразование "double" в "int", возможна потеря данных
D:\Proect\KCKC\GraphServer\GraphServer\MyForm.h(383,19): warning C4244: аргумент: преобразование "double" в "int", возможна потеря данных
D:\Proect\KCKC\GraphServer\GraphServer\MyForm.h(384,40): warning C4244: аргумент: преобразование "double" в "int", возможна потеря данных
D:\Proect\KCKC\GraphServer\GraphServer\MyForm.h(384,19): warning C4244: аргумент: преобразование "double" в "int", возможна потеря данных
D:\Proect\KCKC\GraphServer\GraphServer\MyForm.h(385,28): warning C4244: =: преобразование "double" в "int", возможна потеря данных
D:\Proect\KCKC\GraphServer\GraphServer\MyForm.h(390,25): warning C4244: аргумент: преобразование "double" в "int", возможна потеря данных
D:\Proect\KCKC\GraphServer\GraphServer\MyForm.h(391,19): warning C4244: аргумент: преобразование "double" в "int", возможна потеря данных
D:\Proect\KCKC\GraphServer\GraphServer\MyForm.h(392,28): warning C4244: =: преобразование "double" в "int", возможна потеря данных
D:\Proect\KCKC\GraphServer\GraphServer\MyForm.h(400,34): warning C4244: аргумент: преобразование "double" в "int", возможна потеря данных
D:\Proect\KCKC\GraphServer\GraphServer\MyForm.h(401,67): warning C4244: аргумент: преобразование "double" в "int", возможна потеря данных
D:\Proect\KCKC\GraphServer\GraphServer\MyForm.h(401,49): warning C4244: аргумент: преобразование "double" в "int", возможна потеря данных
D:\Proect\KCKC\GraphServer\GraphServer\MyForm.h(401,19): warning C4244: аргумент: преобразование "double" в "int", возможна потеря данных
D:\Proect\KCKC\GraphServer\GraphServer\MyForm.h(402,28): warning C4244: =: преобразование "double" в "int", возможна потеря данных
D:\Proect\KCKC\GraphServer\GraphServer\MyForm.h(416,40): warning C4244: аргумент: преобразование "double" в "int", возможна потеря данных
D:\Proect\KCKC\GraphServer\GraphServer\MyForm.h(416,19): warning C4244: аргумент: преобразование "double" в "int", возможна потеря данных
D:\Proect\KCKC\GraphServer\GraphServer\MyForm.h(417,40): warning C4244: аргумент: преобразование "double" в "int", возможна потеря данных
D:\Proect\KCKC\GraphServer\GraphServer\MyForm.h(417,19): warning C4244: аргумент: преобразование "double" в "int", возможна потеря данных
D:\Proect\KCKC\GraphServer\GraphServer\MyForm.h(418,34): warning C4244: аргумент: преобразование "double" в "int", возможна потеря данных
D:\Proect\KCKC\GraphServer\GraphServer\MyForm.h(419,28): warning C4244: =: преобразование "double" в "int", возможна потеря данных
D:\Proect\KCKC\GraphServer\GraphServer\MyForm.h(425,40): warning C4244: аргумент: преобразование "double" в "int", возможна потеря данных
D:\Proect\KCKC\GraphServer\GraphServer\MyForm.h(425,19): warning C4244: аргумент: преобразование "double" в "int", возможна потеря данных
D:\Proect\KCKC\GraphServer\GraphServer\MyForm.h(426,40): warning C4244: аргумент: преобразование "double" в "int", возможна потеря данных
D:\Proect\KCKC\GraphServer\GraphServer\MyForm.h(426,19): warning C4244: аргумент: преобразование "double" в "int", возможна потеря данных
D:\Proect\KCKC\GraphServer\GraphServer\MyForm.h(427,34): warning C4244: аргумент: преобразование "double" в "int", возможна потеря данных
D:\Proect\KCKC\GraphServer\GraphServer\MyForm.h(428,19): warning C4244: аргумент: преобразование "double" в "int", возможна потеря данных
D:\Proect\KCKC\GraphServer\GraphServer\MyForm.h(429,55): warning C4244: аргумент: преобразование "double" в "int", возможна потеря данных
D:\Proect\KCKC\GraphServer\GraphServer\MyForm.h(430,28): warning C4244: =: преобразование "double" в "int", возможна потеря данных
D:\Proect\KCKC\GraphServer\GraphServer\MyForm.h(435,25): warning C4244: аргумент: преобразование "double" в "int", возможна потеря данных
D:\Proect\KCKC\GraphServer\GraphServer\MyForm.h(436,40): warning C4244: аргумент: преобразование "double" в "int", возможна потеря данных
D:\Proect\KCKC\GraphServer\GraphServer\MyForm.h(436,19): warning C4244: аргумент: преобразование "double" в "int", возможна потеря данных
D:\Proect\KCKC\GraphServer\GraphServer\MyForm.h(437,49): warning C4244: аргумент: преобразование "double" в "int", возможна потеря данных
D:\Proect\KCKC\GraphServer\GraphServer\MyForm.h(437,19): warning C4244: аргумент: преобразование "double" в "int", возможна потеря данных
D:\Proect\KCKC\GraphServer\GraphServer\MyForm.h(438,49): warning C4244: аргумент: преобразование "double" в "int", возможна потеря данных
D:\Proect\KCKC\GraphServer\GraphServer\MyForm.h(438,19): warning C4244: аргумент: преобразование "double" в "int", возможна потеря данных
D:\Proect\KCKC\GraphServer\GraphServer\MyForm.h(439,53): warning C4244: аргумент: преобразование "double" в "int", возможна потеря данных
D:\Proect\KCKC\GraphServer\GraphServer\MyForm.h(439,19): warning C4244: аргумент: преобразование "double" в "int", возможна потеря данных
D:\Proect\KCKC\GraphServer\GraphServer\MyForm.h(440,28): warning C4244: =: преобразование "double" в "int", возможна потеря данных
D:\Proect\KCKC\GraphServer\GraphServer\MyForm.h(446,38): warning C4244: аргумент: преобразование "double" в "int", возможна потеря данных
D:\Proect\KCKC\GraphServer\GraphServer\MyForm.h(447,34): warning C4244: аргумент: преобразование "double" в "int", возможна потеря данных
D:\Proect\KCKC\GraphServer\GraphServer\MyForm.h(448,53): warning C4244: аргумент: преобразование "double" в "int", возможна потеря данных
D:\Proect\KCKC\GraphServer\GraphServer\MyForm.h(448,19): warning C4244: аргумент: преобразование "double" в "int", возможна потеря данных
D:\Proect\KCKC\GraphServer\GraphServer\MyForm.h(449,40): warning C4244: аргумент: преобразование "double" в "int", возможна потеря данных
D:\Proect\KCKC\GraphServer\GraphServer\MyForm.h(449,19): warning C4244: аргумент: преобразование "double" в "int", возможна потеря данных
D:\Proect\KCKC\GraphServer\GraphServer\MyForm.h(456,38): warning C4244: аргумент: преобразование "double" в "int", возможна потеря данных
D:\Proect\KCKC\GraphServer\GraphServer\MyForm.h(457,34): warning C4244: аргумент: преобразование "double" в "int", возможна потеря данных
D:\Proect\KCKC\GraphServer\GraphServer\MyForm.h(458,53): warning C4244: аргумент: преобразование "double" в "int", возможна потеря данных
D:\Proect\KCKC\GraphServer\GraphServer\MyForm.h(458,19): warning C4244: аргумент: преобразование "double" в "int", возможна потеря данных
D:\Proect\KCKC\GraphServer\GraphServer\MyForm.h(474,38): warning C4244: аргумент: преобразование "double" в "int", возможна потеря данных
D:\Proect\KCKC\GraphServer\GraphServer\MyForm.h(475,40): warning C4244: аргумент: преобразование "double" в "int", возможна потеря данных
D:\Proect\KCKC\GraphServer\GraphServer\MyForm.h(475,19): warning C4244: аргумент: преобразование "double" в "int", возможна потеря данных
D:\Proect\KCKC\GraphServer\GraphServer\MyForm.h(476,40): warning C4244: аргумент: преобразование "double" в "int", возможна потеря данных
D:\Proect\KCKC\GraphServer\GraphServer\MyForm.h(476,19): warning C4244: аргумент: преобразование "double" в "int", возможна потеря данных
D:\Proect\KCKC\GraphServer\GraphServer\MyForm.h(477,40): warning C4244: аргумент: преобразование "double" в "int", возможна потеря данных
D:\Proect\KCKC\GraphServer\GraphServer\MyForm.h(477,19): warning C4244: аргумент: преобразование "double" в "int", возможна потеря данных
D:\Proect\KCKC\GraphServer\GraphServer\MyForm.h(478,49): warning C4244: аргумент: преобразование "double" в "int", возможна потеря данных
D:\Proect\KCKC\GraphServer\GraphServer\MyForm.h(478,19): warning C4244: аргумент: преобразование "double" в "int", возможна потеря данных
D:\Proect\KCKC\GraphServer\GraphServer\MyForm.h(479,28): warning C4244: =: преобразование "double" в "int", возможна потеря данных
D:\Proect\KCKC\GraphServer\GraphServer\MyForm.h(496,13): warning C4244: =: преобразование "double" в "int", возможна потеря данных
D:\Proect\KCKC\GraphServer\GraphServer\MyForm.h(504,23): warning C4018: <: несоответствие типов со знаком и без знака
D:\Proect\KCKC\GraphServer\GraphServer\MyForm.h(519,54): warning C4244: аргумент: преобразование "double" в "int", возможна потеря данных
D:\Proect\KCKC\GraphServer\GraphServer\MyForm.h(520,50): warning C4244: аргумент: преобразование "double" в "int", возможна потеря данных
D:\Proect\KCKC\GraphServer\GraphServer\MyForm.h(527,41): warning C4244: аргумент: преобразование "double" в "int", возможна потеря данных
D:\Proect\KCKC\GraphServer\GraphServer\MyForm.h(528,35): warning C4244: аргумент: преобразование "double" в "int", возможна потеря данных
D:\Proect\KCKC\GraphServer\GraphServer\MyForm.h(529,54): warning C4244: аргумент: преобразование "double" в "int", возможна потеря данных
D:\Proect\KCKC\GraphServer\GraphServer\MyForm.h(530,35): warning C4244: аргумент: преобразование "double" в "int", возможна потеря данных
D:\Proect\KCKC\GraphServer\GraphServer\MyForm.h(546,19): warning C4244: аргумент: преобразование "double" в "int", возможна потеря данных
D:\Proect\KCKC\GraphServer\GraphServer\MyForm.h(547,38): warning C4244: аргумент: преобразование "double" в "int", возможна потеря данных
D:\Proect\KCKC\GraphServer\GraphServer\MyForm.h(554,41): warning C4244: аргумент: преобразование "double" в "int", возможна потеря данных
D:\Proect\KCKC\GraphServer\GraphServer\MyForm.h(556,50): warning C4244: аргумент: преобразование "double" в "int", возможна потеря данных
D:\Proect\KCKC\GraphServer\GraphServer\MyForm.h(563,41): warning C4244: аргумент: преобразование "double" в "int", возможна потеря данных
D:\Proect\KCKC\GraphServer\GraphServer\MyForm.h(565,50): warning C4244: аргумент: преобразование "double" в "int", возможна потеря данных
D:\Proect\KCKC\GraphServer\GraphServer\MyForm.h(566,76): warning C4244: аргумент: преобразование "double" в "int", возможна потеря данных
D:\Proect\KCKC\GraphServer\GraphServer\MyForm.h(566,57): warning C4244: аргумент: преобразование "double" в "int", возможна потеря данных
D:\Proect\KCKC\GraphServer\GraphServer\MyForm.h(566,38): warning C4244: аргумент: преобразование "double" в "int", возможна потеря данных
D:\Proect\KCKC\GraphServer\GraphServer\MyForm.h(566,19): warning C4244: аргумент: преобразование "double" в "int", возможна потеря данных
D:\Proect\KCKC\GraphServer\GraphServer\MyForm.h(567,76): warning C4244: аргумент: преобразование "double" в "int", возможна потеря данных
D:\Proect\KCKC\GraphServer\GraphServer\MyForm.h(567,57): warning C4244: аргумент: преобразование "double" в "int", возможна потеря данных
D:\Proect\KCKC\GraphServer\GraphServer\MyForm.h(567,38): warning C4244: аргумент: преобразование "double" в "int", возможна потеря данных
D:\Proect\KCKC\GraphServer\GraphServer\MyForm.h(567,19): warning C4244: аргумент: преобразование "double" в "int", возможна потеря данных
D:\Proect\KCKC\GraphServer\GraphServer\MyForm.h(575,70): warning C4244: аргумент: преобразование "double" в "int", возможна потеря данных
D:\Proect\KCKC\GraphServer\GraphServer\MyForm.h(575,35): warning C4244: аргумент: преобразование "double" в "int", возможна потеря данных
D:\Proect\KCKC\GraphServer\GraphServer\MyForm.h(581,19): warning C4244: аргумент: преобразование "double" в "int", возможна потеря данных
D:\Proect\KCKC\GraphServer\GraphServer\MyForm.h(583,54): warning C4244: аргумент: преобразование "double" в "int", возможна потеря данных
D:\Proect\KCKC\GraphServer\GraphServer\MyForm.h(583,19): warning C4244: аргумент: преобразование "double" в "int", возможна потеря данных
D:\Proect\KCKC\GraphServer\GraphServer\MyForm.h(584,54): warning C4244: аргумент: преобразование "double" в "int", возможна потеря данных
D:\Proect\KCKC\GraphServer\GraphServer\MyForm.h(584,19): warning C4244: аргумент: преобразование "double" в "int", возможна потеря данных
D:\Proect\KCKC\GraphServer\GraphServer\MyForm.h(585,19): warning C4244: аргумент: преобразование "double" в "int", возможна потеря данных
D:\Proect\KCKC\GraphServer\GraphServer\MyForm.h(586,28): warning C4244: аргумент: преобразование "double" в "int", возможна потеря данных
D:\Proect\KCKC\GraphServer\GraphServer\MyForm.h(587,37): warning C4244: аргумент: преобразование "double" в "int", возможна потеря данных
D:\Proect\KCKC\GraphServer\GraphServer\MyForm.h(588,28): warning C4244: =: преобразование "double" в "int", возможна потеря данных
D:\Proect\KCKC\GraphServer\GraphServer\MyForm.h(594,34): warning C4244: аргумент: преобразование "double" в "int", возможна потеря данных
D:\Proect\KCKC\GraphServer\GraphServer\MyForm.h(595,41): warning C4244: аргумент: преобразование "double" в "int", возможна потеря данных
D:\Proect\KCKC\GraphServer\GraphServer\MyForm.h(595,19): warning C4244: аргумент: преобразование "double" в "int", возможна потеря данных
D:\Proect\KCKC\GraphServer\GraphServer\MyForm.h(602,34): warning C4244: аргумент: преобразование "double" в "int", возможна потеря данных
D:\Proect\KCKC\GraphServer\GraphServer\MyForm.h(603,41): warning C4244: аргумент: преобразование "double" в "int", возможна потеря данных
D:\Proect\KCKC\GraphServer\GraphServer\MyForm.h(603,19): warning C4244: аргумент: преобразование "double" в "int", возможна потеря данных
D:\Proect\KCKC\GraphServer\GraphServer\MyForm.h(604,76): warning C4244: аргумент: преобразование "double" в "int", возможна потеря данных
D:\Proect\KCKC\GraphServer\GraphServer\MyForm.h(604,57): warning C4244: аргумент: преобразование "double" в "int", возможна потеря данных
D:\Proect\KCKC\GraphServer\GraphServer\MyForm.h(604,38): warning C4244: аргумент: преобразование "double" в "int", возможна потеря данных
D:\Proect\KCKC\GraphServer\GraphServer\MyForm.h(604,19): warning C4244: аргумент: преобразование "double" в "int", возможна потеря данных
D:\Proect\KCKC\GraphServer\GraphServer\MyForm.h(618,34): warning C4244: аргумент: преобразование "double" в "int", возможна потеря данных
D:\Proect\KCKC\GraphServer\GraphServer\MyForm.h(619,41): warning C4244: аргумент: преобразование "double" в "int", возможна потеря данных
D:\Proect\KCKC\GraphServer\GraphServer\MyForm.h(619,19): warning C4244: аргумент: преобразование "double" в "int", возможна потеря данных
D:\Proect\KCKC\GraphServer\GraphServer\MyForm.h(626,25): warning C4244: аргумент: преобразование "double" в "int", возможна потеря данных
D:\Proect\KCKC\GraphServer\GraphServer\MyForm.h(627,54): warning C4244: аргумент: преобразование "double" в "int", возможна потеря данных
D:\Proect\KCKC\GraphServer\GraphServer\MyForm.h(627,19): warning C4244: аргумент: преобразование "double" в "int", возможна потеря данных
D:\Proect\KCKC\GraphServer\GraphServer\MyForm.h(628,41): warning C4244: аргумент: преобразование "double" в "int", возможна потеря данных
D:\Proect\KCKC\GraphServer\GraphServer\MyForm.h(628,19): warning C4244: аргумент: преобразование "double" в "int", возможна потеря данных
D:\Proect\KCKC\GraphServer\GraphServer\MyForm.h(636,57): warning C4244: аргумент: преобразование "double" в "int", возможна потеря данных
D:\Proect\KCKC\GraphServer\GraphServer\MyForm.h(636,22): warning C4244: аргумент: преобразование "double" в "int", возможна потеря данных
D:\Proect\KCKC\GraphServer\GraphServer\MyForm.h(662,41): warning C4244: аргумент: преобразование "double" в "int", возможна потеря данных
D:\Proect\KCKC\GraphServer\GraphServer\MyForm.h(663,35): warning C4244: аргумент: преобразование "double" в "int", возможна потеря данных
D:\Proect\KCKC\GraphServer\GraphServer\MyForm.h(670,50): warning C4244: аргумент: преобразование "double" в "int", возможна потеря данных
D:\Proect\KCKC\GraphServer\GraphServer\MyForm.h(671,31): warning C4244: аргумент: преобразование "double" в "int", возможна потеря данных
D:\Proect\KCKC\GraphServer\GraphServer\MyForm.h(678,25): warning C4244: аргумент: преобразование "double" в "int", возможна потеря данных
D:\Proect\KCKC\GraphServer\GraphServer\MyForm.h(679,41): warning C4244: аргумент: преобразование "double" в "int", возможна потеря данных
D:\Proect\KCKC\GraphServer\GraphServer\MyForm.h(679,19): warning C4244: аргумент: преобразование "double" в "int", возможна потеря данных
D:\Proect\KCKC\GraphServer\GraphServer\MyForm.h(685,25): warning C4244: аргумент: преобразование "double" в "int", возможна потеря данных
D:\Proect\KCKC\GraphServer\GraphServer\MyForm.h(686,53): warning C4244: аргумент: преобразование "double" в "int", возможна потеря данных
D:\Proect\KCKC\GraphServer\GraphServer\MyForm.h(686,19): warning C4244: аргумент: преобразование "double" в "int", возможна потеря данных
D:\Proect\KCKC\GraphServer\GraphServer\MyForm.h(687,19): warning C4244: аргумент: преобразование "double" в "int", возможна потеря данных
D:\Proect\KCKC\GraphServer\GraphServer\MyForm.h(688,28): warning C4244: =: преобразование "double" в "int", возможна потеря данных
D:\Proect\KCKC\GraphServer\GraphServer\MyForm.h(693,41): warning C4244: аргумент: преобразование "double" в "int", возможна потеря данных
D:\Proect\KCKC\GraphServer\GraphServer\MyForm.h(693,22): warning C4244: аргумент: преобразование "double" в "int", возможна потеря данных
D:\Proect\KCKC\GraphServer\GraphServer\MyForm.h(694,58): warning C4244: аргумент: преобразование "double" в "int", возможна потеря данных
D:\Proect\KCKC\GraphServer\GraphServer\MyForm.h(694,40): warning C4244: аргумент: преобразование "double" в "int", возможна потеря данных
D:\Proect\KCKC\GraphServer\GraphServer\MyForm.h(694,19): warning C4244: аргумент: преобразование "double" в "int", возможна потеря данных
D:\Proect\KCKC\GraphServer\GraphServer\MyForm.h(695,74): warning C4244: аргумент: преобразование "double" в "int", возможна потеря данных
D:\Proect\KCKC\GraphServer\GraphServer\MyForm.h(695,56): warning C4244: аргумент: преобразование "double" в "int", возможна потеря данных
D:\Proect\KCKC\GraphServer\GraphServer\MyForm.h(695,37): warning C4244: аргумент: преобразование "double" в "int", возможна потеря данных
D:\Proect\KCKC\GraphServer\GraphServer\MyForm.h(695,19): warning C4244: аргумент: преобразование "double" в "int", возможна потеря данных
D:\Proect\KCKC\GraphServer\GraphServer\MyForm.h(696,40): warning C4244: аргумент: преобразование "double" в "int", возможна потеря данных
D:\Proect\KCKC\GraphServer\GraphServer\MyForm.h(696,19): warning C4244: аргумент: преобразование "double" в "int", возможна потеря данных
D:\Proect\KCKC\GraphServer\GraphServer\MyForm.h(697,41): warning C4244: аргумент: преобразование "double" в "int", возможна потеря данных
D:\Proect\KCKC\GraphServer\GraphServer\MyForm.h(697,22): warning C4244: аргумент: преобразование "double" в "int", возможна потеря данных
D:\Proect\KCKC\GraphServer\GraphServer\MyForm.h(698,28): warning C4244: =: преобразование "double" в "int", возможна потеря данных
D:\Proect\KCKC\GraphServer\GraphServer\MyForm.h(703,25): warning C4244: аргумент: преобразование "double" в "int", возможна потеря данных
D:\Proect\KCKC\GraphServer\GraphServer\MyForm.h(704,19): warning C4244: аргумент: преобразование "double" в "int", возможна потеря данных
D:\Proect\KCKC\GraphServer\GraphServer\MyForm.h(713,34): warning C4244: аргумент: преобразование "double" в "int", возможна потеря данных
D:\Proect\KCKC\GraphServer\GraphServer\MyForm.h(714,67): warning C4244: аргумент: преобразование "double" в "int", возможна потеря данных
D:\Proect\KCKC\GraphServer\GraphServer\MyForm.h(714,49): warning C4244: аргумент: преобразование "double" в "int", возможна потеря данных
D:\Proect\KCKC\GraphServer\GraphServer\MyForm.h(714,19): warning C4244: аргумент: преобразование "double" в "int", возможна потеря данных
D:\Proect\KCKC\GraphServer\GraphServer\MyForm.h(715,28): warning C4244: =: преобразование "double" в "int", возможна потеря данных
D:\Proect\KCKC\GraphServer\GraphServer\MyForm.h(721,55): warning C4244: аргумент: преобразование "double" в "int", возможна потеря данных
D:\Proect\KCKC\GraphServer\GraphServer\MyForm.h(722,36): warning C4244: аргумент: преобразование "double" в "int", возможна потеря данных
D:\Proect\KCKC\GraphServer\GraphServer\MyForm.h(730,57): warning C4244: аргумент: преобразование "double" в "int", возможна потеря данных
D:\Proect\KCKC\GraphServer\GraphServer\MyForm.h(730,38): warning C4244: аргумент: преобразование "double" в "int", возможна потеря данных
D:\Proect\KCKC\GraphServer\GraphServer\MyForm.h(730,20): warning C4244: аргумент: преобразование "double" в "int", возможна потеря данных
D:\Proect\KCKC\GraphServer\GraphServer\MyForm.h(731,41): warning C4244: аргумент: преобразование "double" в "int", возможна потеря данных
D:\Proect\KCKC\GraphServer\GraphServer\MyForm.h(731,20): warning C4244: аргумент: преобразование "double" в "int", возможна потеря данных
D:\Proect\KCKC\GraphServer\GraphServer\MyForm.h(732,35): warning C4244: аргумент: преобразование "double" в "int", возможна потеря данных
D:\Proect\KCKC\GraphServer\GraphServer\MyForm.h(733,29): warning C4244: =: преобразование "double" в "int", возможна потеря данных
D:\Proect\KCKC\GraphServer\GraphServer\MyForm.h(739,57): warning C4244: аргумент: преобразование "double" в "int", возможна потеря данных
D:\Proect\KCKC\GraphServer\GraphServer\MyForm.h(739,38): warning C4244: аргумент: преобразование "double" в "int", возможна потеря данных
D:\Proect\KCKC\GraphServer\GraphServer\MyForm.h(739,20): warning C4244: аргумент: преобразование "double" в "int", возможна потеря данных
D:\Proect\KCKC\GraphServer\GraphServer\MyForm.h(740,41): warning C4244: аргумент: преобразование "double" в "int", возможна потеря данных
D:\Proect\KCKC\GraphServer\GraphServer\MyForm.h(740,20): warning C4244: аргумент: преобразование "double" в "int", возможна потеря данных
D:\Proect\KCKC\GraphServer\GraphServer\MyForm.h(741,35): warning C4244: аргумент: преобразование "double" в "int", возможна потеря данных
D:\Proect\KCKC\GraphServer\GraphServer\MyForm.h(742,20): warning C4244: аргумент: преобразование "double" в "int", возможна потеря данных
D:\Proect\KCKC\GraphServer\GraphServer\MyForm.h(743,56): warning C4244: аргумент: преобразование "double" в "int", возможна потеря данных
D:\Proect\KCKC\GraphServer\GraphServer\MyForm.h(744,29): warning C4244: =: преобразование "double" в "int", возможна потеря данных
D:\Proect\KCKC\GraphServer\GraphServer\MyForm.h(749,26): warning C4244: аргумент: преобразование "double" в "int", возможна потеря данных
D:\Proect\KCKC\GraphServer\GraphServer\MyForm.h(750,41): warning C4244: аргумент: преобразование "double" в "int", возможна потеря данных
D:\Proect\KCKC\GraphServer\GraphServer\MyForm.h(750,20): warning C4244: аргумент: преобразование "double" в "int", возможна потеря данных
D:\Proect\KCKC\GraphServer\GraphServer\MyForm.h(751,72): warning C4244: аргумент: преобразование "double" в "int", возможна потеря данных
D:\Proect\KCKC\GraphServer\GraphServer\MyForm.h(751,54): warning C4244: аргумент: преобразование "double" в "int", возможна потеря данных
D:\Proect\KCKC\GraphServer\GraphServer\MyForm.h(751,20): warning C4244: аргумент: преобразование "double" в "int", возможна потеря данных
D:\Proect\KCKC\GraphServer\GraphServer\MyForm.h(752,57): warning C4244: аргумент: преобразование "double" в "int", возможна потеря данных
D:\Proect\KCKC\GraphServer\GraphServer\MyForm.h(752,38): warning C4244: аргумент: преобразование "double" в "int", возможна потеря данных
D:\Proect\KCKC\GraphServer\GraphServer\MyForm.h(752,20): warning C4244: аргумент: преобразование "double" в "int", возможна потеря данных
D:\Proect\KCKC\GraphServer\GraphServer\MyForm.h(753,29): warning C4244: =: преобразование "double" в "int", возможна потеря данных
D:\Proect\KCKC\GraphServer\GraphServer\MyForm.h(759,57): warning C4244: аргумент: преобразование "double" в "int", возможна потеря данных
D:\Proect\KCKC\GraphServer\GraphServer\MyForm.h(759,39): warning C4244: аргумент: преобразование "double" в "int", возможна потеря данных
D:\Proect\KCKC\GraphServer\GraphServer\MyForm.h(760,53): warning C4244: аргумент: преобразование "double" в "int", возможна потеря данных
D:\Proect\KCKC\GraphServer\GraphServer\MyForm.h(760,35): warning C4244: аргумент: преобразование "double" в "int", возможна потеря данных
D:\Proect\KCKC\GraphServer\GraphServer\MyForm.h(761,41): warning C4244: аргумент: преобразование "double" в "int", возможна потеря данных
D:\Proect\KCKC\GraphServer\GraphServer\MyForm.h(761,20): warning C4244: аргумент: преобразование "double" в "int", возможна потеря данных
D:\Proect\KCKC\GraphServer\GraphServer\MyForm.h(768,57): warning C4244: аргумент: преобразование "double" в "int", возможна потеря данных
D:\Proect\KCKC\GraphServer\GraphServer\MyForm.h(768,39): warning C4244: аргумент: преобразование "double" в "int", возможна потеря данных
D:\Proect\KCKC\GraphServer\GraphServer\MyForm.h(769,53): warning C4244: аргумент: преобразование "double" в "int", возможна потеря данных
D:\Proect\KCKC\GraphServer\GraphServer\MyForm.h(769,35): warning C4244: аргумент: преобразование "double" в "int", возможна потеря данных
D:\Proect\KCKC\GraphServer\GraphServer\MyForm.h(775,42): warning C4244: аргумент: преобразование "double" в "int", возможна потеря данных
D:\Proect\KCKC\GraphServer\GraphServer\MyForm.h(776,36): warning C4244: аргумент: преобразование "double" в "int", возможна потеря данных
D:\Proect\KCKC\GraphServer\GraphServer\MyForm.h(777,64): warning C4244: аргумент: преобразование "double" в "int", возможна потеря данных
D:\Proect\KCKC\GraphServer\GraphServer\MyForm.h(778,36): warning C4244: аргумент: преобразование "double" в "int", возможна потеря данных
D:\Proect\KCKC\GraphServer\GraphServer\MyForm.h(787,39): warning C4244: аргумент: преобразование "double" в "int", возможна потеря данных
D:\Proect\KCKC\GraphServer\GraphServer\MyForm.h(788,54): warning C4244: аргумент: преобразование "double" в "int", возможна потеря данных
D:\Proect\KCKC\GraphServer\GraphServer\MyForm.h(788,20): warning C4244: аргумент: преобразование "double" в "int", возможна потеря данных
D:\Proect\KCKC\GraphServer\GraphServer\MyForm.h(789,41): warning C4244: аргумент: преобразование "double" в "int", возможна потеря данных
D:\Proect\KCKC\GraphServer\GraphServer\MyForm.h(789,20): warning C4244: аргумент: преобразование "double" в "int", возможна потеря данных
D:\Proect\KCKC\GraphServer\GraphServer\MyForm.h(790,54): warning C4244: аргумент: преобразование "double" в "int", возможна потеря данных
D:\Proect\KCKC\GraphServer\GraphServer\MyForm.h(790,20): warning C4244: аргумент: преобразование "double" в "int", возможна потеря данных
D:\Proect\KCKC\GraphServer\GraphServer\MyForm.h(791,50): warning C4244: аргумент: преобразование "double" в "int", возможна потеря данных
D:\Proect\KCKC\GraphServer\GraphServer\MyForm.h(791,20): warning C4244: аргумент: преобразование "double" в "int", возможна потеря данных
D:\Proect\KCKC\GraphServer\GraphServer\MyForm.h(792,29): warning C4244: =: преобразование "double" в "int", возможна потеря данных
D:\Proect\KCKC\GraphServer\GraphServer\MyForm.h(798,42): warning C4244: аргумент: преобразование "double" в "int", возможна потеря данных
D:\Proect\KCKC\GraphServer\GraphServer\MyForm.h(799,23): warning C4244: аргумент: преобразование "double" в "int", возможна потеря данных
D:\Proect\KCKC\GraphServer\GraphServer\MyForm.h(807,14): warning C4244: =: преобразование "double" в "int", возможна потеря данных
  MyForm.obj : обнаружен модуль MSIL; для MSIL последовательная компоновка отключена; выполняется полная компоновка
  GraphServer.vcxproj -> D:\Proect\KCKC\GraphServer\Debug\GraphServer.exe
